_prepare_data module start
_prepare_data module start
_prepare_data module start

05.Jul 2020 17:15:00 successful saved cleaned data and metadata

05.Jul 2020 17:15:00 settings modified and saved
_prepare_data module start

05.Jul 2020 17:15:49 raw datasets already cleaned
_prepare_data module start

05.Jul 2020 17:17:49 raw datasets already cleaned
_prepare_data module start

05.Jul 2020 17:18:41 raw datasets already cleaned
_prepare_data module start

05.Jul 2020 17:25:38 raw datasets already cleaned
_prepare_data module start

05.Jul 2020 17:27:06 raw datasets already cleaned
_prepare_data module start

05.Jul 2020 17:27:44 raw datasets already cleaned

05.Jul 2020 17:27:44 cleaning raw datasets

05.Jul 2020 17:27:44 successful saved cleaned data and metadata

05.Jul 2020 17:27:44 settings modified and saved
_prepare_data module start

05.Jul 2020 17:29:10 raw datasets already cleaned

05.Jul 2020 17:29:10 cleaning raw datasets

05.Jul 2020 17:29:10 successful saved cleaned data and metadata

05.Jul 2020 17:29:10 settings modified and saved
